SF:lib/core/device_location/data/models/device_location_model.dart
DA:7,3
DA:12,3
DA:18,1
DA:19,1
DA:21,2
LF:5
LH:5
end_of_record
SF:lib/core/device_location/data/models/device_location_model.g.dart
DA:9,1
DA:10,1
DA:11,2
DA:12,2
DA:13,2
DA:14,2
DA:17,1
DA:19,1
DA:20,1
DA:21,1
DA:22,1
DA:23,2
LF:12
LH:12
end_of_record
SF:lib/core/device_location/data/repositories/device_location_repository_impl.dart
DA:12,1
DA:14,1
DA:15,3
DA:17,3
DA:18,1
DA:20,1
DA:22,1
DA:26,4
DA:27,0
LF:9
LH:8
end_of_record
SF:lib/core/device_location/domain/errors/device_location_failures.dart
DA:4,4
DA:5,0
DA:6,0
DA:10,5
DA:11,0
DA:12,0
DA:16,6
DA:17,0
DA:18,0
DA:22,5
DA:23,0
DA:24,0
DA:28,6
DA:29,0
DA:30,0
LF:15
LH:5
end_of_record
SF:lib/core/device_location/domain/entities/device_location.dart
DA:9,5
DA:16,3
DA:17,3
DA:18,3
DA:19,3
DA:20,3
DA:21,3
LF:7
LH:7
end_of_record
SF:lib/core/errors/failures.dart
DA:6,8
LF:1
LH:1
end_of_record
SF:lib/core/device_location/domain/usecases/get_device_location_usecase.dart
DA:11,1
DA:12,1
DA:14,2
LF:3
LH:3
end_of_record
SF:lib/core/usecases/usecase.dart
DA:10,0
DA:11,0
LF:2
LH:0
end_of_record
SF:lib/core/device_location/presentation/bloc/device_location_state.dart
DA:4,11
DA:6,1
DA:7,1
DA:11,10
DA:13,0
DA:14,0
DA:20,1
DA:21,1
DA:22,2
DA:26,0
DA:30,10
DA:35,2
LF:12
LH:9
end_of_record
SF:lib/core/device_location/presentation/bloc/device_location_bloc.dart
DA:13,1
DA:14,1
DA:15,2
DA:17,1
DA:19,1
DA:20,4
DA:21,1
DA:22,3
DA:23,3
LF:9
LH:9
end_of_record
SF:lib/core/device_location/presentation/bloc/device_location_event.dart
DA:4,1
DA:6,0
DA:7,0
DA:11,1
LF:4
LH:2
end_of_record
SF:lib/core/device_location/infra/device_location_datasource_impl.dart
DA:9,1
DA:11,1
DA:13,3
DA:14,1
DA:15,1
DA:16,1
DA:17,1
DA:18,1
DA:21,1
DA:25,1
DA:27,2
DA:30,1
DA:31,3
DA:32,1
DA:33,1
DA:34,1
DA:35,1
DA:36,1
DA:37,1
DA:43,1
DA:44,3
DA:46,1
DA:47,1
DA:48,1
DA:49,0
LF:25
LH:24
end_of_record
SF:lib/weather/data/models/weather_model.dart
DA:10,6
DA:15,2
DA:16,2
DA:18,2
DA:20,3
DA:21,9
DA:41,6
DA:51,2
DA:52,2
DA:54,2
DA:56,3
DA:57,3
DA:58,3
DA:59,3
DA:60,3
DA:61,3
DA:62,3
DA:63,3
DA:64,3
DA:73,6
DA:79,2
DA:80,2
DA:82,2
DA:84,3
DA:85,12
DA:95,6
DA:102,2
DA:103,2
DA:105,2
DA:107,3
DA:108,15
LF:31
LH:31
end_of_record
SF:lib/weather/data/models/weather_model.g.dart
DA:9,4
DA:11,4
DA:12,4
DA:15,1
DA:16,1
DA:17,2
DA:18,2
DA:21,4
DA:23,4
DA:24,2
DA:25,4
DA:26,4
DA:27,4
DA:28,4
DA:29,2
DA:32,1
DA:33,1
DA:34,2
DA:35,1
DA:36,1
DA:37,1
DA:38,1
DA:39,1
DA:40,1
DA:43,2
DA:44,2
DA:45,2
DA:46,2
DA:47,2
DA:50,1
DA:51,1
DA:52,1
DA:53,1
DA:54,1
DA:57,2
DA:58,2
DA:59,2
DA:60,2
DA:61,2
DA:62,2
DA:65,1
DA:66,1
DA:67,1
DA:68,1
DA:69,1
DA:70,1
LF:46
LH:46
end_of_record
SF:lib/weather/infra/weather_remote_datasource_impl.dart
DA:12,1
DA:14,1
DA:15,3
DA:16,1
DA:17,1
DA:19,1
DA:23,2
DA:24,2
DA:25,3
DA:27,1
LF:10
LH:10
end_of_record
SF:lib/weather/data/repositories/weather_repository_impl.dart
DA:13,1
DA:15,1
DA:17,3
DA:18,2
DA:19,1
DA:20,2
LF:6
LH:6
end_of_record
SF:lib/weather/domain/entities/weather.dart
DA:7,6
DA:12,3
DA:13,3
DA:14,3
DA:15,3
DA:28,0
DA:29,0
DA:31,6
DA:41,3
DA:42,3
DA:43,3
DA:44,3
DA:45,3
DA:46,3
DA:47,3
DA:48,3
DA:49,3
DA:59,6
DA:66,3
DA:67,3
DA:68,3
DA:69,3
DA:70,3
DA:71,3
DA:79,6
DA:84,3
DA:85,3
DA:86,3
DA:87,3
DA:88,3
LF:30
LH:28
end_of_record
SF:lib/weather/domain/failures/weather_failures.dart
DA:4,1
DA:5,1
DA:6,1
LF:3
LH:3
end_of_record
SF:lib/weather/data/mappers/weather_mapper.dart
DA:5,2
DA:6,2
DA:7,4
DA:8,4
DA:12,1
DA:13,1
DA:14,2
DA:15,2
DA:21,2
DA:22,2
DA:23,4
DA:24,2
DA:25,2
DA:26,2
DA:27,2
DA:28,2
DA:29,2
DA:33,1
DA:34,1
DA:35,2
DA:36,1
DA:37,1
DA:38,1
DA:39,1
DA:40,1
DA:41,1
DA:47,2
DA:48,2
DA:49,2
DA:50,2
DA:51,2
DA:52,2
DA:56,1
DA:57,1
DA:58,1
DA:59,1
DA:60,1
DA:61,1
DA:66,2
DA:67,2
DA:68,2
DA:69,2
DA:70,2
DA:74,1
DA:75,1
DA:76,1
DA:77,1
DA:78,1
LF:48
LH:48
end_of_record
SF:lib/weather/domain/usecases/get_weather_usecase.dart
DA:11,1
DA:13,1
DA:14,4
DA:21,3
DA:23,0
DA:24,0
LF:6
LH:4
end_of_record
SF:lib/weather/presentation/bloc/weather_state.dart
DA:4,3
DA:6,1
DA:7,1
DA:11,2
DA:15,2
DA:20,2
DA:22,1
DA:23,2
DA:28,2
DA:30,1
DA:31,2
LF:11
LH:11
end_of_record
SF:lib/weather/presentation/bloc/weather_event.dart
DA:4,1
DA:6,0
DA:7,0
DA:12,1
DA:14,0
DA:15,0
LF:6
LH:2
end_of_record
SF:lib/weather/presentation/bloc/weather_bloc.dart
DA:16,2
DA:17,2
DA:19,1
DA:21,1
DA:22,5
DA:23,1
DA:24,1
DA:25,3
DA:26,3
LF:9
LH:9
end_of_record
